<?xml version="1.0" encoding="utf-8"?>
<testsuites>
  <testsuite name="testsuite">
    <testcase classname="testclass" name="test_only_registered_users_have_access" />
  </testsuite>
</testsuites>
