<?xml version="1.0" encoding="utf-8"?>
<testsuites>
  <testsuite name="nomatter">
    <testcase classname="nomatter" name="nomatter" />
  </testsuite>
</testsuites>
